
Error starting at line : 86 in command -
DROP USER hr CASCADE
Error report -
ORA-01918: пользователь 'HR' не существует
01918. 00000 -  "user '%s' does not exist"
*Cause:    User does not exist in the system.
*Action:   Verify the user name is correct.

User HR created.


Error starting at line : 97 in command -
ALTER USER hr DEFAULT TABLESPACE &tbs
              QUOTA UNLIMITED ON &tbs
Error report -
ORA-02155: неверный идентификатор для раздела DEFAULT
02155. 00000 -  "invalid DEFAULT tablespace identifier"
*Cause:    An identifier does not follow DEFAULT TABLESPACE.
*Action:   Place a tablespace name after DEFAULT TABLESPACE.

Error starting at line : 100 in command -
ALTER USER hr TEMPORARY TABLESPACE &ttbs
Error report -
ORA-02156: неверный идентификатор для раздела TEMPORARY
02156. 00000 -  "invalid TEMPORARY tablespace identifier"
*Cause:    An identifier does not follow TEMPORARY TABLESPACE.
*Action:   Place a tablespace name after TEMPORARY TABLESPACE.

Grant succeeded.


Grant succeeded.

Error starting at line : 109 in command -
  connect ...
Error report -
Connection Failed
  USER          = sys
  URL           = jdbc:oracle:thin:@4
  Error Message = Ошибка ввода/вывода: The Network Adapter could not establish the connection (CONNECTION_ID=BZziQEPbSCGOCWt8+FFS2A==)
Commit
SP2-0640: Not connected
Error starting at line : 116 in command -
  connect ...
Error report -
Connection Failed
  USER          = hr
  URL           = jdbc:oracle:thin:@4
  Error Message = Ошибка ввода/вывода: The Network Adapter could not establish the connection (CONNECTION_ID=dyKOSQ3FSFuETGq6M0z3/A==)
SP2-0640: Not connected
SP2-0640: Not connected
******  Creating REGIONS table ....
SP2-0640: Not connected
SP2-0640: Not connected
SP2-0640: Not connected
******  Creating COUNTRIES table ....
SP2-0640: Not connected
SP2-0640: Not connected
******  Creating LOCATIONS table ....
SP2-0640: Not connected
SP2-0640: Not connected
SP2-0640: Not connected
SP2-0640: Not connected
******  Creating DEPARTMENTS table ....
SP2-0640: Not connected
SP2-0640: Not connected
SP2-0640: Not connected
SP2-0640: Not connected
******  Creating JOBS table ....
SP2-0640: Not connected
SP2-0640: Not connected
SP2-0640: Not connected
******  Creating EMPLOYEES table ....
SP2-0640: Not connected
SP2-0640: Not connected
SP2-0640: Not connected
SP2-0640: Not connected
SP2-0640: Not connected
******  Creating JOB_HISTORY table ....
SP2-0640: Not connected
SP2-0640: Not connected
SP2-0640: Not connected
******  Creating EMP_DETAILS_VIEW view ...
SP2-0640: Not connected
SP2-0640: Not connected
SP2-0640: Not connected
******  Populating REGIONS table ....
SP2-0640: Not connected
SP2-0640: Not connected
SP2-0640: Not connected
SP2-0640: Not connected
******  Populating COUNTIRES table ....
SP2-0640: Not connected
SP2-0640: Not connected
SP2-0640: Not connected
SP2-0640: Not connected
SP2-0640: Not connected
SP2-0640: Not connected
SP2-0640: Not connected
SP2-0640: Not connected
SP2-0640: Not connected
SP2-0640: Not connected
SP2-0640: Not connected
SP2-0640: Not connected
SP2-0640: Not connected
SP2-0640: Not connected
SP2-0640: Not connected
SP2-0640: Not connected
SP2-0640: Not connected
SP2-0640: Not connected
SP2-0640: Not connected
SP2-0640: Not connected
SP2-0640: Not connected
SP2-0640: Not connected
SP2-0640: Not connected
SP2-0640: Not connected
SP2-0640: Not connected
******  Populating LOCATIONS table ....
SP2-0640: Not connected
SP2-0640: Not connected
SP2-0640: Not connected
SP2-0640: Not connected
SP2-0640: Not connected
SP2-0640: Not connected
SP2-0640: Not connected
SP2-0640: Not connected
SP2-0640: Not connected
SP2-0640: Not connected
SP2-0640: Not connected
SP2-0640: Not connected
SP2-0640: Not connected
SP2-0640: Not connected
SP2-0640: Not connected
SP2-0640: Not connected
SP2-0640: Not connected
SP2-0640: Not connected
SP2-0640: Not connected
SP2-0640: Not connected
SP2-0640: Not connected
SP2-0640: Not connected
SP2-0640: Not connected
******  Populating DEPARTMENTS table ....
SP2-0640: Not connected
SP2-0640: Not connected
SP2-0640: Not connected
SP2-0640: Not connected
SP2-0640: Not connected
SP2-0640: Not connected
SP2-0640: Not connected
SP2-0640: Not connected
SP2-0640: Not connected
SP2-0640: Not connected
SP2-0640: Not connected
SP2-0640: Not connected
SP2-0640: Not connected
SP2-0640: Not connected
SP2-0640: Not connected
SP2-0640: Not connected
SP2-0640: Not connected
SP2-0640: Not connected
SP2-0640: Not connected
SP2-0640: Not connected
SP2-0640: Not connected
SP2-0640: Not connected
SP2-0640: Not connected
SP2-0640: Not connected
SP2-0640: Not connected
SP2-0640: Not connected
SP2-0640: Not connected
SP2-0640: Not connected
******  Populating JOBS table ....
SP2-0640: Not connected
SP2-0640: Not connected
SP2-0640: Not connected
SP2-0640: Not connected
SP2-0640: Not connected
SP2-0640: Not connected
SP2-0640: Not connected
SP2-0640: Not connected
SP2-0640: Not connected
SP2-0640: Not connected
SP2-0640: Not connected
SP2-0640: Not connected
SP2-0640: Not connected
SP2-0640: Not connected
SP2-0640: Not connected
SP2-0640: Not connected
SP2-0640: Not connected
SP2-0640: Not connected
SP2-0640: Not connected
******  Populating EMPLOYEES table ....
SP2-0640: Not connected
SP2-0640: Not connected
SP2-0640: Not connected
SP2-0640: Not connected
SP2-0640: Not connected
SP2-0640: Not connected
SP2-0640: Not connected
SP2-0640: Not connected
SP2-0640: Not connected
SP2-0640: Not connected
SP2-0640: Not connected
SP2-0640: Not connected
SP2-0640: Not connected
SP2-0640: Not connected
SP2-0640: Not connected
SP2-0640: Not connected
SP2-0640: Not connected
SP2-0640: Not connected
SP2-0640: Not connected
SP2-0640: Not connected
SP2-0640: Not connected
SP2-0640: Not connected
SP2-0640: Not connected
SP2-0640: Not connected
SP2-0640: Not connected
SP2-0640: Not connected
SP2-0640: Not connected
SP2-0640: Not connected
SP2-0640: Not connected
SP2-0640: Not connected
SP2-0640: Not connected
SP2-0640: Not connected
SP2-0640: Not connected
SP2-0640: Not connected
SP2-0640: Not connected
SP2-0640: Not connected
SP2-0640: Not connected
SP2-0640: Not connected
SP2-0640: Not connected
SP2-0640: Not connected
SP2-0640: Not connected
SP2-0640: Not connected
SP2-0640: Not connected
SP2-0640: Not connected
SP2-0640: Not connected
SP2-0640: Not connected
SP2-0640: Not connected
SP2-0640: Not connected
SP2-0640: Not connected
SP2-0640: Not connected
SP2-0640: Not connected
SP2-0640: Not connected
SP2-0640: Not connected
SP2-0640: Not connected
SP2-0640: Not connected
SP2-0640: Not connected
SP2-0640: Not connected
SP2-0640: Not connected
SP2-0640: Not connected
SP2-0640: Not connected
SP2-0640: Not connected
SP2-0640: Not connected
SP2-0640: Not connected
SP2-0640: Not connected
SP2-0640: Not connected
SP2-0640: Not connected
SP2-0640: Not connected
SP2-0640: Not connected
SP2-0640: Not connected
SP2-0640: Not connected
SP2-0640: Not connected
SP2-0640: Not connected
SP2-0640: Not connected
SP2-0640: Not connected
SP2-0640: Not connected
SP2-0640: Not connected
SP2-0640: Not connected
SP2-0640: Not connected
SP2-0640: Not connected
SP2-0640: Not connected
SP2-0640: Not connected
SP2-0640: Not connected
SP2-0640: Not connected
SP2-0640: Not connected
SP2-0640: Not connected
SP2-0640: Not connected
SP2-0640: Not connected
SP2-0640: Not connected
SP2-0640: Not connected
SP2-0640: Not connected
SP2-0640: Not connected
SP2-0640: Not connected
SP2-0640: Not connected
SP2-0640: Not connected
SP2-0640: Not connected
SP2-0640: Not connected
SP2-0640: Not connected
SP2-0640: Not connected
SP2-0640: Not connected
SP2-0640: Not connected
SP2-0640: Not connected
SP2-0640: Not connected
SP2-0640: Not connected
SP2-0640: Not connected
SP2-0640: Not connected
SP2-0640: Not connected
SP2-0640: Not connected
******  Populating JOB_HISTORY table ....
SP2-0640: Not connected
SP2-0640: Not connected
SP2-0640: Not connected
SP2-0640: Not connected
SP2-0640: Not connected
SP2-0640: Not connected
SP2-0640: Not connected
SP2-0640: Not connected
SP2-0640: Not connected
SP2-0640: Not connected
SP2-0640: Not connected
SP2-0640: Not connected
SP2-0640: Not connected
SP2-0640: Not connected
SP2-0640: Not connected
SP2-0640: Not connected
SP2-0640: Not connected
SP2-0640: Not connected
SP2-0640: Not connected
SP2-0640: Not connected
SP2-0640: Not connected
SP2-0640: Not connected
SP2-0640: Not connected
SP2-0640: Not connected
SP2-0640: Not connected
SP2-0640: Not connected
SP2-0640: Not connected
SP2-0640: Not connected
SP2-0640: Not connected
SP2-0640: Not connected
SP2-0640: Not connected
SP2-0640: Not connected
SP2-0640: Not connected
SP2-0640: Not connected
SP2-0640: Not connected
SP2-0640: Not connected
SP2-0640: Not connected
SP2-0640: Not connected
SP2-0640: Not connected
SP2-0640: Not connected
SP2-0640: Not connected
SP2-0640: Not connected
SP2-0640: Not connected
SP2-0640: Not connected
SP2-0640: Not connected
SP2-0640: Not connected
SP2-0640: Not connected
SP2-0640: Not connected
SP2-0640: Not connected
SP2-0640: Not connected
SP2-0640: Not connected
SP2-0640: Not connected
SP2-0640: Not connected
SP2-0640: Not connected
SP2-0640: Not connected
SP2-0640: Not connected
SP2-0640: Not connected
SP2-0640: Not connected
SP2-0640: Not connected
SP2-0640: Not connected
SP2-0640: Not connected
SP2-0640: Not connected
SP2-0640: Not connected
SP2-0640: Not connected
SP2-0640: Not connected
SP2-0640: Not connected
SP2-0640: Not connected
SP2-0640: Not connected
SP2-0640: Not connected
SP2-0640: Not connected
SP2-0640: Not connected
SP2-0641: "EXECUTE" requires connection to server
